#
# There is insufficient memory for the Java Runtime Environment to continue.
# Native memory allocation (mmap) failed to map 65011712 bytes for G1 virtual space
# Possible reasons:
#   The system is out of physical RAM or swap space
#   The process is running with CompressedOops enabled, and the Java Heap may be blocking the growth of the native heap
# Possible solutions:
#   Reduce memory load on the system
#   Increase physical memory or swap space
#   Check if swap backing store is full
#   Decrease Java heap size (-Xmx/-Xms)
#   Decrease number of Java threads
#   Decrease Java thread stack sizes (-Xss)
#   Set larger code cache with -XX:ReservedCodeCacheSize=
#   JVM is running with Unscaled Compressed Oops mode in which the Java heap is
#     placed in the first 4GB address space. The Java Heap base address is the
#     maximum limit for the native heap growth. Please use -XX:HeapBaseMinAddress
#     to set the Java Heap base and to place the Java Heap above 4GB virtual address.
# This output file may be truncated or incomplete.
#
#  Out of Memory Error (os_windows.cpp:3469), pid=6480, tid=14404
#
# JRE version:  (17.0.1+12) (build )
# Java VM: OpenJDK 64-Bit Server VM (17.0.1+12, mixed mode, sharing, tiered, compressed oops, compressed class ptrs, g1 gc, windows-amd64)
# No core dump will be written. Minidumps are not enabled by default on client versions of Windows
#

---------------  S U M M A R Y ------------

Command Line: -Dfile.encoding=Cp1252 -XX:+ShowCodeDetailsInExceptionMessages GuessingGame3

Host: Intel(R) Core(TM) i3-3227U CPU @ 1.90GHz, 4 cores, 3G,  Windows 10 , 64 bit Build 19041 (10.0.19041.1503)
Time: Sat Feb 19 09:59:17 2022 Central Standard Time elapsed time: 0.028430 seconds (0d 0h 0m 0s)

---------------  T H R E A D  ---------------

Current thread (0x0000014a456abc10):  JavaThread "Unknown thread" [_thread_in_vm, id=14404, stack(0x0000003dc0100000,0x0000003dc0200000)]

Stack: [0x0000003dc0100000,0x0000003dc0200000]
Native frames: (J=compiled Java code, j=interpreted, Vv=VM code, C=native code)
V  [jvm.dll+0x6744da]
V  [jvm.dll+0x82e144]
V  [jvm.dll+0x82f8ee]
V  [jvm.dll+0x82ff53]
V  [jvm.dll+0x245175]
V  [jvm.dll+0x6714c9]
V  [jvm.dll+0x665f92]
V  [jvm.dll+0x303c3b]
V  [jvm.dll+0x30b176]
V  [jvm.dll+0x35af1e]
V  [jvm.dll+0x35b14f]
V  [jvm.dll+0x2dab78]
V  [jvm.dll+0x2dbae4]
V  [jvm.dll+0x7ffdf1]
V  [jvm.dll+0x368c91]
V  [jvm.dll+0x7df2cc]
V  [jvm.dll+0x3eb59f]
V  [jvm.dll+0x3ed121]
C  [jli.dll+0x5277]
C  [ucrtbase.dll+0x21bb2]
C  [KERNEL32.DLL+0x17034]
C  [ntdll.dll+0x52651]


---------------  P R O C E S S  ---------------

Threads class SMR info:
_java_thread_list=0x00007ffa37d24e58, length=0, elements={
}

Java Threads: ( => current thread )

Other Threads:
  0x0000014a456d7c90 GCTaskThread "GC Thread#0" [stack: 0x0000003dc0200000,0x0000003dc0300000] [id=7848]
  0x0000014a456e2dd0 ConcurrentGCThread "G1 Main Marker" [stack: 0x0000003dc0300000,0x0000003dc0400000] [id=8104]
  0x0000014a456e37e0 ConcurrentGCThread "G1 Conc#0" [stack: 0x0000003dc0400000,0x0000003dc0500000] [id=12064]

[error occurred during error reporting (printing all threads), id 0xc0000005, EXCEPTION_ACCESS_VIOLATION (0xc0000005) at pc=0x00007ffa374fb5f7]

VM state: not at safepoint (not fully initialized)

VM Mutex/Monitor currently owned by a thread:  ([mutex/lock_event])
[0x0000014a456a7740] Heap_lock - owner thread: 0x0000014a456abc10

Heap address: 0x00000000c2e00000, size: 978 MB, Compressed Oops mode: 32-bit

CDS archive(s) mapped at: [0x0000000000000000-0x0000000000000000-0x0000000000000000), size 0, SharedBaseAddress: 0x0000000800000000, ArchiveRelocationMode: 0.
Narrow klass base: 0x0000000000000000, Narrow klass shift: 0, Narrow klass range: 0x0

GC Precious Log:
<Empty>

Heap:
 garbage-first heap   total 0K, used 0K [0x00000000c2e00000, 0x0000000100000000)
  region size 1024K, 0 young (0K), 0 survivors (0K)

[error occurred during error reporting (printing heap information), id 0xc0000005, EXCEPTION_ACCESS_VIOLATION (0xc0000005) at pc=0x00007ffa378dd729]

GC Heap History (0 events):
No events

Deoptimization events (0 events):
No events

Classes unloaded (0 events):
No events

Classes redefined (0 events):
No events

Internal exceptions (0 events):
No events

VM Operations (0 events):
No events

Events (1 events):
Event: 0.016 Loaded shared library C:\Users\oldchris\.p2\pool\plugins\org.eclipse.justj.openjdk.hotspot.jre.full.win32.x86_64_17.0.1.v20211116-1657\jre\bin\java.dll


Dynamic libraries:
0x00007ff66d6c0000 - 0x00007ff66d6ce000 	C:\Users\oldchris\.p2\pool\plugins\org.eclipse.justj.openjdk.hotspot.jre.full.win32.x86_64_17.0.1.v20211116-1657\jre\bin\javaw.exe
0x00007ffa8e4b0000 - 0x00007ffa8e6a5000 	C:\Windows\SYSTEM32\ntdll.dll
0x00007ffa8c5c0000 - 0x00007ffa8c67e000 	C:\Windows\System32\KERNEL32.DLL
0x00007ffa8c060000 - 0x00007ffa8c328000 	C:\Windows\System32\KERNELBASE.dll
0x00007ffa8bbc0000 - 0x00007ffa8bcc0000 	C:\Windows\System32\ucrtbase.dll
0x00007ffa77520000 - 0x00007ffa77538000 	C:\Users\oldchris\.p2\pool\plugins\org.eclipse.justj.openjdk.hotspot.jre.full.win32.x86_64_17.0.1.v20211116-1657\jre\bin\jli.dll
0x00007ffa8dd00000 - 0x00007ffa8dea0000 	C:\Windows\System32\USER32.dll
0x00007ffa8c3a0000 - 0x00007ffa8c3c2000 	C:\Windows\System32\win32u.dll
0x00007ffa8c8b0000 - 0x00007ffa8c8db000 	C:\Windows\System32\GDI32.dll
0x00007ffa8be50000 - 0x00007ffa8bf5d000 	C:\Windows\System32\gdi32full.dll
0x00007ffa8c460000 - 0x00007ffa8c4fd000 	C:\Windows\System32\msvcp_win.dll
0x00007ffa77500000 - 0x00007ffa77519000 	C:\Users\oldchris\.p2\pool\plugins\org.eclipse.justj.openjdk.hotspot.jre.full.win32.x86_64_17.0.1.v20211116-1657\jre\bin\VCRUNTIME140.dll
0x00007ffa7a550000 - 0x00007ffa7a7ea000 	C:\Windows\WinSxS\amd64_microsoft.windows.common-controls_6595b64144ccf1df_6.0.19041.1110_none_60b5254171f9507e\COMCTL32.dll
0x00007ffa8c520000 - 0x00007ffa8c5be000 	C:\Windows\System32\msvcrt.dll
0x00007ffa8dac0000 - 0x00007ffa8daf0000 	C:\Windows\System32\IMM32.DLL
0x00007ffa84af0000 - 0x00007ffa84afc000 	C:\Users\oldchris\.p2\pool\plugins\org.eclipse.justj.openjdk.hotspot.jre.full.win32.x86_64_17.0.1.v20211116-1657\jre\bin\vcruntime140_1.dll
0x00007ffa6e130000 - 0x00007ffa6e1c1000 	C:\Users\oldchris\.p2\pool\plugins\org.eclipse.justj.openjdk.hotspot.jre.full.win32.x86_64_17.0.1.v20211116-1657\jre\bin\msvcp140.dll
0x00007ffa37210000 - 0x00007ffa37e56000 	C:\Users\oldchris\.p2\pool\plugins\org.eclipse.justj.openjdk.hotspot.jre.full.win32.x86_64_17.0.1.v20211116-1657\jre\bin\server\jvm.dll
0x00007ffa8c9e0000 - 0x00007ffa8ca8e000 	C:\Windows\System32\ADVAPI32.dll
0x00007ffa8c7b0000 - 0x00007ffa8c84c000 	C:\Windows\System32\sechost.dll
0x00007ffa8daf0000 - 0x00007ffa8dc15000 	C:\Windows\System32\RPCRT4.dll
0x00007ffa8dab0000 - 0x00007ffa8dab8000 	C:\Windows\System32\PSAPI.DLL
0x00007ffa85220000 - 0x00007ffa85229000 	C:\Windows\SYSTEM32\WSOCK32.dll
0x00007ffa8c8e0000 - 0x00007ffa8c94b000 	C:\Windows\System32\WS2_32.dll
0x00007ffa78550000 - 0x00007ffa78577000 	C:\Windows\SYSTEM32\WINMM.dll
0x00007ffa7ecf0000 - 0x00007ffa7ecfa000 	C:\Windows\SYSTEM32\VERSION.dll
0x00007ffa89ab0000 - 0x00007ffa89ac2000 	C:\Windows\SYSTEM32\kernel.appcore.dll
0x00007ffa83df0000 - 0x00007ffa83dfa000 	C:\Users\oldchris\.p2\pool\plugins\org.eclipse.justj.openjdk.hotspot.jre.full.win32.x86_64_17.0.1.v20211116-1657\jre\bin\jimage.dll
0x00007ffa842b0000 - 0x00007ffa84494000 	C:\Windows\SYSTEM32\DBGHELP.DLL
0x00007ffa84240000 - 0x00007ffa8426c000 	C:\Windows\SYSTEM32\dbgcore.DLL
0x00007ffa8c3d0000 - 0x00007ffa8c452000 	C:\Windows\System32\bcryptPrimitives.dll
0x00007ffa77330000 - 0x00007ffa77355000 	C:\Users\oldchris\.p2\pool\plugins\org.eclipse.justj.openjdk.hotspot.jre.full.win32.x86_64_17.0.1.v20211116-1657\jre\bin\java.dll

dbghelp: loaded successfully - version: 4.0.5 - missing functions: none
symbol engine: initialized successfully - sym options: 0x614 - pdb path: .;C:\Users\oldchris\.p2\pool\plugins\org.eclipse.justj.openjdk.hotspot.jre.full.win32.x86_64_17.0.1.v20211116-1657\jre\bin;C:\Windows\SYSTEM32;C:\Windows\WinSxS\amd64_microsoft.windows.common-controls_6595b64144ccf1df_6.0.19041.1110_none_60b5254171f9507e;C:\Users\oldchris\.p2\pool\plugins\org.eclipse.justj.openjdk.hotspot.jre.full.win32.x86_64_17.0.1.v20211116-1657\jre\bin\server

VM Arguments:
jvm_args: -Dfile.encoding=Cp1252 -XX:+ShowCodeDetailsInExceptionMessages 
java_command: GuessingGame3
java_class_path (initial): C:\java-tools\javarun\java1-wksp\GuessingGameProj\bin
Launcher Type: SUN_STANDARD

[Global flags]
     intx CICompilerCount                          = 3                                         {product} {ergonomic}
     uint ConcGCThreads                            = 1                                         {product} {ergonomic}
     uint G1ConcRefinementThreads                  = 4                                         {product} {ergonomic}
   size_t G1HeapRegionSize                         = 1048576                                   {product} {ergonomic}
    uintx GCDrainStackTargetSize                   = 64                                        {product} {ergonomic}
   size_t InitialHeapSize                          = 65011712                                  {product} {ergonomic}
   size_t MarkStackSize                            = 4194304                                   {product} {ergonomic}
   size_t MaxHeapSize                              = 1025507328                                {product} {ergonomic}
   size_t MinHeapDeltaBytes                        = 1048576                                   {product} {ergonomic}
   size_t MinHeapSize                              = 8388608                                   {product} {ergonomic}
    uintx NonNMethodCodeHeapSize                   = 5832780                                {pd product} {ergonomic}
    uintx NonProfiledCodeHeapSize                  = 122912730                              {pd product} {ergonomic}
    uintx ProfiledCodeHeapSize                     = 122912730                              {pd product} {ergonomic}
    uintx ReservedCodeCacheSize                    = 251658240                              {pd product} {ergonomic}
     bool SegmentedCodeCache                       = true                                      {product} {ergonomic}
     bool ShowCodeDetailsInExceptionMessages       = true                                   {manageable} {command line}
   size_t SoftMaxHeapSize                          = 1025507328                             {manageable} {ergonomic}
     bool UseCompressedClassPointers               = true                           {product lp64_product} {ergonomic}
     bool UseCompressedOops                        = true                           {product lp64_product} {ergonomic}
     bool UseG1GC                                  = true                                      {product} {ergonomic}
     bool UseLargePagesIndividualAllocation        = false                                  {pd product} {ergonomic}

Logging:
Log output configuration:
 #0: stdout all=warning uptime,level,tags
 #1: stderr all=off uptime,level,tags

Environment Variables:
PATH=C:/Users/oldchris/.p2/pool/plugins/org.eclipse.justj.openjdk.hotspot.jre.full.win32.x86_64_17.0.1.v20211116-1657/jre/bin/server;C:/Users/oldchris/.p2/pool/plugins/org.eclipse.justj.openjdk.hotspot.jre.full.win32.x86_64_17.0.1.v20211116-1657/jre/bin;C:\Program Files (x86)\Common Files\Oracle\Java\javapath;C:\Windows\system32;C:\Windows;C:\Windows\System32\Wbem;C:\Windows\System32\WindowsPowerShell\v1.0\;C:\Windows\System32\OpenSSH\;C:\Users\oldchris\AppData\Local\Microsoft\WindowsApps;C:\Users\oldchris\AppData\Local\Programs\Microsoft VS Code\bin;C:\Program Files\Java\jdk1.8.0_311\bin;;C:\Users\oldchris\eclipse\jee-2021-12\eclipse;
USERNAME=ievute
OS=Windows_NT
PROCESSOR_IDENTIFIER=Intel64 Family 6 Model 58 Stepping 9, GenuineIntel



---------------  S Y S T E M  ---------------

OS:
 Windows 10 , 64 bit Build 19041 (10.0.19041.1503)
OS uptime: 8 days 9:53 hours

CPU: total 4 (initial active 4) (2 cores per cpu, 2 threads per core) family 6 model 58 stepping 9 microcode 0x21, cx8, cmov, fxsr, ht, mmx, sse, sse2, sse3, ssse3, sse4.1, sse4.2, popcnt, tsc, tscinvbit, avx, erms, clmul, vzeroupper, clflush

Memory: 4k page, system-wide physical 3911M (531M free)
TotalPageFile size 15687M (AvailPageFile size 6M)
current process WorkingSet (physical memory assigned to process): 9M, peak: 9M
current process commit charge ("private bytes"): 51M, peak: 113M

vm_info: OpenJDK 64-Bit Server VM (17.0.1+12) for windows-amd64 JRE (17.0.1+12), built on Oct 20 2021 07:42:55 by "" with MS VC++ 16.7 (VS2019)

END.
